app/build/outputs/logs/manifest-merger-debug-report.txt
-- Merging decision tree log ---
manifest
ADDED from src/main/AndroidManifest.xml:2:1-51:12
	package
		ADDED from src/main/AndroidManifest.xml:3:5-37
		INJECTED from src/main/AndroidManifest.xml
		INJECTED from src/main/AndroidManifest.xml
	android:versionName
		INJECTED from src/main/AndroidManifest.xml
		INJECTED from src/main/AndroidManifest.xml
	xmlns:android
		ADDED from src/main/AndroidManifest.xml:2:11-69
	android:versionCode
		INJECTED from src/main/AndroidManifest.xml
		INJECTED from src/main/AndroidManifest.xml
uses-permission#android.permission.INTERNET
ADDED from src/main/AndroidManifest.xml:5:5-67
	android:name
		ADDED from src/main/AndroidManifest.xml:5:22-64
uses-permission#android.permission.CAMERA
ADDED from src/main/AndroidManifest.xml:6:5-65
MERGED from [com.journeyapps:zxing-android-embedded:3.0.2] AndroidManifest.xml:23:5-65
	android:name
		ADDED from src/main/AndroidManifest.xml:6:22-62
uses-permission#android.permission.VIBRATE
ADDED from src/main/AndroidManifest.xml:8:5-66
	android:name
		ADDED from src/main/AndroidManifest.xml:8:22-63
uses-permission#android.permission.FLASHLIGHT
ADDED from src/main/AndroidManifest.xml:9:5-69
	android:name
		ADDED from src/main/AndroidManifest.xml:9:22-66
application
ADDED from src/main/AndroidManifest.xml:11:5-49:19
MERGED from [com.android.support:appcompat-v7:23.4.0] AndroidManifest.xml:25:5-20
MERGED from [com.android.support:animated-vector-drawable:23.4.0] AndroidManifest.xml:7:5-20
MERGED from [com.android.support:support-vector-drawable:23.4.0] AndroidManifest.xml:7:5-20
MERGED from [com.android.support:support-v4:23.4.0] AndroidManifest.xml:22:5-20
MERGED from [com.android.support:support-v4:23.4.0] AndroidManifest.xml:22:5-20
MERGED from [com.android.support:support-vector-drawable:23.4.0] AndroidManifest.xml:7:5-20
MERGED from [com.android.support:support-v4:23.4.0] AndroidManifest.xml:22:5-20
MERGED from [com.android.support:support-v4:23.4.0] AndroidManifest.xml:22:5-20
MERGED from [com.huxq17.xrefreshview:xrefreshview:3.1.0] AndroidManifest.xml:11:5-12:19
MERGED from [com.android.support:support-v4:23.4.0] AndroidManifest.xml:22:5-20
MERGED from [com.flyco.tablayout:FlycoTabLayout_Lib:2.0.6] AndroidManifest.xml:11:5-14:19
MERGED from [com.journeyapps:zxing-android-embedded:3.0.2] AndroidManifest.xml:47:5-55:19
MERGED from [com.hedgehog.ratingbar:app:1.0.4] AndroidManifest.xml:11:5-26:19
MERGED from [com.android.support:appcompat-v7:23.4.0] AndroidManifest.xml:25:5-20
MERGED from [com.android.support:animated-vector-drawable:23.4.0] AndroidManifest.xml:7:5-20
MERGED from [com.android.support:support-vector-drawable:23.4.0] AndroidManifest.xml:7:5-20
MERGED from [com.android.support:support-v4:23.4.0] AndroidManifest.xml:22:5-20
MERGED from [com.android.support:support-v4:23.4.0] AndroidManifest.xml:22:5-20
MERGED from [com.android.support:support-vector-drawable:23.4.0] AndroidManifest.xml:7:5-20
MERGED from [com.android.support:support-v4:23.4.0] AndroidManifest.xml:22:5-20
MERGED from [com.android.support:appcompat-v7:23.4.0] AndroidManifest.xml:25:5-20
MERGED from [com.android.support:animated-vector-drawable:23.4.0] AndroidManifest.xml:7:5-20
MERGED from [com.android.support:support-vector-drawable:23.4.0] AndroidManifest.xml:7:5-20
MERGED from [com.android.support:support-v4:23.4.0] AndroidManifest.xml:22:5-20
MERGED from [com.android.support:support-v4:23.4.0] AndroidManifest.xml:22:5-20
MERGED from [com.android.support:support-vector-drawable:23.4.0] AndroidManifest.xml:7:5-20
MERGED from [com.android.support:support-v4:23.4.0] AndroidManifest.xml:22:5-20
MERGED from [de.hdodenhof:circleimageview:2.1.0] AndroidManifest.xml:9:5-20
	android:label
		ADDED from src/main/AndroidManifest.xml:15:9-41
	android:supportsRtl
		ADDED from src/main/AndroidManifest.xml:16:9-35
	android:allowBackup
		ADDED from src/main/AndroidManifest.xml:13:9-35
	android:icon
		ADDED from src/main/AndroidManifest.xml:14:9-43
	android:theme
		ADDED from src/main/AndroidManifest.xml:17:9-40
	android:name
		ADDED from src/main/AndroidManifest.xml:12:9-38
activity#com.shoudukejiguan.www.activity.MainActivity
ADDED from src/main/AndroidManifest.xml:18:9-24:20
	android:name
		ADDED from src/main/AndroidManifest.xml:18:19-56
intent-filter#android.intent.action.MAIN+android.intent.category.LAUNCHER
ADDED from src/main/AndroidManifest.xml:19:13-23:29
action#android.intent.action.MAIN
ADDED from src/main/AndroidManifest.xml:20:17-69
	android:name
		ADDED from src/main/AndroidManifest.xml:20:25-66
category#android.intent.category.LAUNCHER
ADDED from src/main/AndroidManifest.xml:22:17-77
	android:name
		ADDED from src/main/AndroidManifest.xml:22:27-74
activity#com.shoudukejiguan.www.activity.MoreNewsActivity
ADDED from src/main/AndroidManifest.xml:25:9-63
	android:name
		ADDED from src/main/AndroidManifest.xml:25:19-60
activity#com.shoudukejiguan.www.activity.CaptureActivity
ADDED from src/main/AndroidManifest.xml:26:9-30:63
	android:screenOrientation
		ADDED from src/main/AndroidManifest.xml:28:13-49
	android:stateNotNeeded
		ADDED from src/main/AndroidManifest.xml:29:13-42
	android:windowSoftInputMode
		ADDED from src/main/AndroidManifest.xml:30:13-60
	android:name
		ADDED from src/main/AndroidManifest.xml:27:13-53
activity#com.shoudukejiguan.www.activity.WebViewActivity
ADDED from src/main/AndroidManifest.xml:31:9-62
	android:name
		ADDED from src/main/AndroidManifest.xml:31:19-59
activity#com.shoudukejiguan.www.activity.CinemaActivity
ADDED from src/main/AndroidManifest.xml:32:9-61
	android:name
		ADDED from src/main/AndroidManifest.xml:32:19-58
activity#com.shoudukejiguan.www.activity.EducationActivity
ADDED from src/main/AndroidManifest.xml:33:9-64
	android:name
		ADDED from src/main/AndroidManifest.xml:33:19-61
activity#com.shoudukejiguan.www.activity.ExhibitionActivity
ADDED from src/main/AndroidManifest.xml:34:9-65
	android:name
		ADDED from src/main/AndroidManifest.xml:34:19-62
activity#com.shoudukejiguan.www.activity.SetActivity
ADDED from src/main/AndroidManifest.xml:35:9-58
	android:name
		ADDED from src/main/AndroidManifest.xml:35:19-55
activity#com.shoudukejiguan.www.activity.UserInfoActivity
ADDED from src/main/AndroidManifest.xml:36:9-63
	android:name
		ADDED from src/main/AndroidManifest.xml:36:19-60
activity#com.shoudukejiguan.www.activity.PayActivity
ADDED from src/main/AndroidManifest.xml:37:9-67
	android:name
		ADDED from src/main/AndroidManifest.xml:37:19-55
activity#com.shoudukejiguan.www.activity.ServiceGuideActivity
ADDED from src/main/AndroidManifest.xml:38:9-76
	android:name
		ADDED from src/main/AndroidManifest.xml:38:19-64
activity#com.shoudukejiguan.www.activity.UserLevelActivity
ADDED from src/main/AndroidManifest.xml:39:9-73
	android:name
		ADDED from src/main/AndroidManifest.xml:39:19-61
activity#com.shoudukejiguan.www.activity.MyOrderActivity
ADDED from src/main/AndroidManifest.xml:40:9-62
	android:name
		ADDED from src/main/AndroidManifest.xml:40:19-59
activity#com.shoudukejiguan.www.activity.InteractionFeedbackActivity
ADDED from src/main/AndroidManifest.xml:41:9-47:20
	android:name
		ADDED from src/main/AndroidManifest.xml:41:19-71
activity#com.shoudukejiguan.www.activity.WriteSurveyActivity
ADDED from src/main/AndroidManifest.xml:48:9-75
	android:name
		ADDED from src/main/AndroidManifest.xml:48:19-63
uses-sdk
INJECTED from src/main/AndroidManifest.xml reason: use-sdk injection requested
MERGED from [com.android.support:appcompat-v7:23.4.0] AndroidManifest.xml:21:5-23:78
MERGED from [com.android.support:animated-vector-drawable:23.4.0] AndroidManifest.xml:5:5-44
MERGED from [com.android.support:support-vector-drawable:23.4.0] AndroidManifest.xml:5:5-43
MERGED from [com.android.support:support-v4:23.4.0] AndroidManifest.xml:20:5-43
MERGED from [com.android.support:support-v4:23.4.0] AndroidManifest.xml:20:5-43
MERGED from [com.android.support:support-vector-drawable:23.4.0] AndroidManifest.xml:5:5-43
MERGED from [com.android.support:support-v4:23.4.0] AndroidManifest.xml:20:5-43
MERGED from [com.android.support:support-v4:23.4.0] AndroidManifest.xml:20:5-43
MERGED from [com.huxq17.xrefreshview:xrefreshview:3.1.0] AndroidManifest.xml:7:5-9:41
MERGED from [com.android.support:recyclerview-v7:23.4.0] AndroidManifest.xml:20:5-43
MERGED from [com.android.support:support-v4:23.4.0] AndroidManifest.xml:20:5-43
MERGED from [com.flyco.tablayout:FlycoTabLayout_Lib:2.0.6] AndroidManifest.xml:7:5-9:41
MERGED from [me.relex:circleindicator:1.2.1] AndroidManifest.xml:8:5-10:41
MERGED from [com.journeyapps:zxing-android-embedded:3.0.2] AndroidManifest.xml:19:5-21:41
MERGED from [com.hedgehog.ratingbar:app:1.0.4] AndroidManifest.xml:7:5-9:41
MERGED from [com.android.support:appcompat-v7:23.4.0] AndroidManifest.xml:21:5-23:78
MERGED from [com.android.support:animated-vector-drawable:23.4.0] AndroidManifest.xml:5:5-44
MERGED from [com.android.support:support-vector-drawable:23.4.0] AndroidManifest.xml:5:5-43
MERGED from [com.android.support:support-v4:23.4.0] AndroidManifest.xml:20:5-43
MERGED from [com.android.support:support-v4:23.4.0] AndroidManifest.xml:20:5-43
MERGED from [com.android.support:support-vector-drawable:23.4.0] AndroidManifest.xml:5:5-43
MERGED from [com.android.support:support-v4:23.4.0] AndroidManifest.xml:20:5-43
MERGED from [com.zhy:flowlayout-lib:1.0.3] AndroidManifest.xml:8:5-10:41
MERGED from [com.android.support:appcompat-v7:23.4.0] AndroidManifest.xml:21:5-23:78
MERGED from [com.android.support:animated-vector-drawable:23.4.0] AndroidManifest.xml:5:5-44
MERGED from [com.android.support:support-vector-drawable:23.4.0] AndroidManifest.xml:5:5-43
MERGED from [com.android.support:support-v4:23.4.0] AndroidManifest.xml:20:5-43
MERGED from [com.android.support:support-v4:23.4.0] AndroidManifest.xml:20:5-43
MERGED from [com.android.support:support-vector-drawable:23.4.0] AndroidManifest.xml:5:5-43
MERGED from [com.android.support:support-v4:23.4.0] AndroidManifest.xml:20:5-43
MERGED from [de.hdodenhof:circleimageview:2.1.0] AndroidManifest.xml:5:5-7:41
	tools:overrideLibrary
		ADDED from [com.android.support:appcompat-v7:23.4.0] AndroidManifest.xml:23:9-75
	android:targetSdkVersion
		INJECTED from src/main/AndroidManifest.xml
		INJECTED from src/main/AndroidManifest.xml
	android:minSdkVersion
		INJECTED from src/main/AndroidManifest.xml
		INJECTED from src/main/AndroidManifest.xml
uses-feature#android.hardware.camera
ADDED from [com.journeyapps:zxing-android-embedded:3.0.2] AndroidManifest.xml:26:5-28:36
	android:required
		ADDED from [com.journeyapps:zxing-android-embedded:3.0.2] AndroidManifest.xml:28:9-33
	android:name
		ADDED from [com.journeyapps:zxing-android-embedded:3.0.2] AndroidManifest.xml:27:9-47
uses-feature#android.hardware.camera.front
ADDED from [com.journeyapps:zxing-android-embedded:3.0.2] AndroidManifest.xml:29:5-31:36
	android:required
		ADDED from [com.journeyapps:zxing-android-embedded:3.0.2] AndroidManifest.xml:31:9-33
	android:name
		ADDED from [com.journeyapps:zxing-android-embedded:3.0.2] AndroidManifest.xml:30:9-53
uses-feature#android.hardware.camera.autofocus
ADDED from [com.journeyapps:zxing-android-embedded:3.0.2] AndroidManifest.xml:34:5-36:36
	android:required
		ADDED from [com.journeyapps:zxing-android-embedded:3.0.2] AndroidManifest.xml:36:9-33
	android:name
		ADDED from [com.journeyapps:zxing-android-embedded:3.0.2] AndroidManifest.xml:35:9-57
uses-feature#android.hardware.camera.flash
ADDED from [com.journeyapps:zxing-android-embedded:3.0.2] AndroidManifest.xml:37:5-39:36
	android:required
		ADDED from [com.journeyapps:zxing-android-embedded:3.0.2] AndroidManifest.xml:39:9-33
	android:name
		ADDED from [com.journeyapps:zxing-android-embedded:3.0.2] AndroidManifest.xml:38:9-53
uses-feature#android.hardware.screen.landscape
ADDED from [com.journeyapps:zxing-android-embedded:3.0.2] AndroidManifest.xml:40:5-42:36
	android:required
		ADDED from [com.journeyapps:zxing-android-embedded:3.0.2] AndroidManifest.xml:42:9-33
	android:name
		ADDED from [com.journeyapps:zxing-android-embedded:3.0.2] AndroidManifest.xml:41:9-57
uses-feature#android.hardware.wifi
ADDED from [com.journeyapps:zxing-android-embedded:3.0.2] AndroidManifest.xml:43:5-45:36
	android:required
		ADDED from [com.journeyapps:zxing-android-embedded:3.0.2] AndroidManifest.xml:45:9-33
	android:name
		ADDED from [com.journeyapps:zxing-android-embedded:3.0.2] AndroidManifest.xml:44:9-45
activity#com.journeyapps.barcodescanner.CaptureActivity
ADDED from [com.journeyapps:zxing-android-embedded:3.0.2] AndroidManifest.xml:48:9-54:63
	android:clearTaskOnLaunch
		ADDED from [com.journeyapps:zxing-android-embedded:3.0.2] AndroidManifest.xml:50:13-45
	android:screenOrientation
		ADDED from [com.journeyapps:zxing-android-embedded:3.0.2] AndroidManifest.xml:51:13-56
	android:stateNotNeeded
		ADDED from [com.journeyapps:zxing-android-embedded:3.0.2] AndroidManifest.xml:52:13-42
	android:windowSoftInputMode
		ADDED from [com.journeyapps:zxing-android-embedded:3.0.2] AndroidManifest.xml:54:13-60
	android:theme
		ADDED from [com.journeyapps:zxing-android-embedded:3.0.2] AndroidManifest.xml:53:13-54
	android:name
		ADDED from [com.journeyapps:zxing-android-embedded:3.0.2] AndroidManifest.xml:49:13-74
activity#com.hedgehog.ratingbar.MainActivity
ADDED from [com.hedgehog.ratingbar:app:1.0.4] AndroidManifest.xml:15:9-25:20
	android:label
		ADDED from [com.hedgehog.ratingbar:app:1.0.4] AndroidManifest.xml:17:13-45
	android:name
		ADDED from [com.hedgehog.ratingbar:app:1.0.4] AndroidManifest.xml:16:13-63